<?xml version="1.0" encoding="UTF-8"?>
<testsuite xmlns:xsi="http://www.w3.org/2001/XMLSchema-instance" xsi:noNamespaceSchemaLocation="https://maven.apache.org/surefire/maven-surefire-plugin/xsd/surefire-test-report-3.0.xsd" version="3.0" name="com.aviscribe.controller.AuthControllerIntegrationTest" time="7.698" tests="1" errors="0" skipped="0" failures="0">
  <properties>
[...]
</properties>
  <testcase name="shouldRegisterLoginAndFetchProfile" classname="com.aviscribe.controller.AuthControllerIntegrationTest" time="1.435">
    <system-out><![CDATA[21:21:21.108 [main] INFO org.springframework.test.context.support.AnnotationConfigContextLoaderUtils -- Could not detect default configuration classes for test class [com.aviscribe.controller.AuthControllerIntegrationTest]: AuthControllerIntegrationTest does not declare any static, non-private, non-final, nested classes annotated with @Configuration.
21:21:21.258 [main] INFO org.springframework.boot.test.context.SpringBootTestContextBootstrapper -- Found @SpringBootConfiguration com.aviscribe.AviscribeBackendApplication for test class com.aviscribe.controller.AuthControllerIntegrationTest

  .   ____          _            __ _ _
 /\\ / ___'_ __ _ _(_)_ __  __ _ \ \ \ \
( ( )\___ | '_ | '_| | '_ \/ _` | \ \ \ \
 \\/  ___)| |_)| | | | | || (_| |  ) ) ) )
  '  |____| .__|_| |_|_| |_\__, | / / / /
 =========|_|==============|___/=/_/_/_/
 :: Spring Boot ::                (v3.1.5)

2025-11-23T21:21:21.814+08:00  WARN 7476 --- [           main] ory$DuplicateJsonObjectContextCustomizer : 

Found multiple occurrences of org.json.JSONObject on the class path:

	jar:file:/D:/Java/maven/apache-maven-3.9.4/mvn_repo/com/vaadin/external/google/android-json/0.0.20131108.vaadin1/android-json-0.0.20131108.vaadin1.jar!/org/json/JSONObject.class
	jar:file:/D:/Java/maven/apache-maven-3.9.4/mvn_repo/org/json/json/20170516/json-20170516.jar!/org/json/JSONObject.class

You may wish to exclude one of them to ensure predictable runtime behavior

2025-11-23T21:21:21.828+08:00  INFO 7476 --- [           main] c.a.c.AuthControllerIntegrationTest      : Starting AuthControllerIntegrationTest using Java 20.0.1 with PID 7476 (started by 81287 in D:\code\Aviscribe\aviscribe-backend)
2025-11-23T21:21:21.829+08:00  INFO 7476 --- [           main] c.a.c.AuthControllerIntegrationTest      : The following 1 profile is active: "test"
 _ _   |_  _ _|_. ___ _ |    _ 
| | |\/|_)(_| | |_\  |_)||_|_\ 
     /               |         
                        3.5.3.1 
2025-11-23T21:21:25.260+08:00  WARN 7476 --- [           main] .s.s.UserDetailsServiceAutoConfiguration : 

Using generated security password: 2e75bb67-a846-4b85-a915-8f032f693c23

This generated password is for development use only. Your security configuration must be updated before running your application in production.

2025-11-23T21:21:27.052+08:00  INFO 7476 --- [           main] c.a.c.AuthControllerIntegrationTest      : Started AuthControllerIntegrationTest in 5.624 seconds (process running for 6.792)
2025-11-23T21:21:28.229+08:00  WARN 7476 --- [           main] c.b.m.c.t.support.ReflectLambdaMeta      : Unable to make field private final java.lang.Class java.lang.invoke.SerializedLambda.capturingClass accessible: module java.base does not "opens java.lang.invoke" to unnamed module @15bfd87
]]></system-out>
  </testcase>
</testsuite>